<?xml version="1.0" encoding="UTF-8"?>
<testsuite xmlns:xsi="http://www.w3.org/2001/XMLSchema-instance" xsi:noNamespaceSchemaLocation="https://maven.apache.org/surefire/maven-surefire-plugin/xsd/surefire-test-report-3.0.xsd" version="3.0" name="tests.LoginTest" time="27.128" tests="2" errors="0" skipped="0" failures="0">
  <properties>
[...]
</properties>
  <testcase name="deveExibirMensagemErroComEmailInvalido" classname="tests.LoginTest" time="12.8">
    <system-out><![CDATA[Mensagem de erro: Usuário Inválido!
]]></system-out>
    <system-err><![CDATA[SLF4J: No SLF4J providers were found.
SLF4J: Defaulting to no-operation (NOP) logger implementation
SLF4J: See https://www.slf4j.org/codes.html#noProviders for further details.
]]></system-err>
  </testcase>
  <testcase name="deveExibirMensagemErroComServidorInvalido" classname="tests.LoginTest" time="6.979">
    <system-out><![CDATA[Botão visível? true
Mensagem de erro: Não foi possível recuperar o certificado do servidor. Tente mais tarde.
]]></system-out>
  </testcase>
</testsuite>